<?xml version="1.0" encoding="UTF-8"?>
<coverage generated="1768766928412" clover="3.2.0">
  <project timestamp="1768766928412" name="All files">
    <metrics statements="9" coveredstatements="3" conditionals="2" coveredconditionals="0" methods="3" coveredmethods="0" elements="14" coveredelements="3" complexity="0" loc="9" ncloc="9" packages="1" files="2" classes="2"/>
    <file name="Header.jsx" path="/Users/july/repos/FrontEnd_Pro/src/components/Header.jsx">
      <metrics statements="2" coveredstatements="1" conditionals="0" coveredconditionals="0" methods="1" coveredmethods="0"/>
      <line num="5" count="1" type="stmt"/>
      <line num="6" count="0" type="stmt"/>
    </file>
    <file name="ThemeSwitcher.jsx" path="/Users/july/repos/FrontEnd_Pro/src/components/ThemeSwitcher.jsx">
      <metrics statements="7" coveredstatements="2" conditionals="2" coveredconditionals="0" methods="2" coveredmethods="0"/>
      <line num="3" count="1" type="stmt"/>
      <line num="5" count="1" type="stmt"/>
      <line num="6" count="0" type="stmt"/>
      <line num="7" count="0" type="stmt"/>
      <line num="8" count="0" type="cond" truecount="0" falsecount="2"/>
      <line num="9" count="0" type="stmt"/>
      <line num="11" count="0" type="stmt"/>
    </file>
  </project>
</coverage>
