{"/Users/july/repos/FrontEnd_Pro/src/components/Header.jsx": {"path":"/Users/july/repos/FrontEnd_Pro/src/components/Header.jsx","statementMap":{"0":{"start":{"line":5,"column":22},"end":{"line":39,"column":null}},"1":{"start":{"line":6,"column":2},"end":{"line":37,"column":null}}},"fnMap":{"0":{"name":"(anonymous_0)","decl":{"start":{"line":5,"column":22},"end":{"line":5,"column":28}},"loc":{"start":{"line":5,"column":28},"end":{"line":39,"column":null}},"line":5}},"branchMap":{},"s":{"0":1,"1":0},"f":{"0":0},"b":{},"meta":{"lastBranch":0,"lastFunction":1,"lastStatement":2,"seen":{"s:5:22:39:Infinity":0,"f:5:22:5:28":0,"s:6:2:37:Infinity":1}}}
,"/Users/july/repos/FrontEnd_Pro/src/components/ThemeSwitcher.jsx": {"path":"/Users/july/repos/FrontEnd_Pro/src/components/ThemeSwitcher.jsx","statementMap":{"0":{"start":{"line":3,"column":14},"end":{"line":3,"column":null}},"1":{"start":{"line":5,"column":29},"end":{"line":16,"column":null}},"2":{"start":{"line":6,"column":24},"end":{"line":6,"column":null}},"3":{"start":{"line":7,"column":22},"end":{"line":10,"column":null}},"4":{"start":{"line":8,"column":20},"end":{"line":8,"column":null}},"5":{"start":{"line":9,"column":4},"end":{"line":9,"column":null}},"6":{"start":{"line":11,"column":2},"end":{"line":14,"column":null}}},"fnMap":{"0":{"name":"(anonymous_0)","decl":{"start":{"line":5,"column":29},"end":{"line":5,"column":35}},"loc":{"start":{"line":5,"column":35},"end":{"line":16,"column":null}},"line":5},"1":{"name":"(anonymous_1)","decl":{"start":{"line":7,"column":22},"end":{"line":7,"column":23}},"loc":{"start":{"line":7,"column":29},"end":{"line":10,"column":null}},"line":7}},"branchMap":{"0":{"loc":{"start":{"line":8,"column":20},"end":{"line":8,"column":null}},"type":"cond-expr","locations":[{"start":{"line":8,"column":39},"end":{"line":8,"column":48}},{"start":{"line":8,"column":48},"end":{"line":8,"column":null}}],"line":8}},"s":{"0":1,"1":1,"2":0,"3":0,"4":0,"5":0,"6":0},"f":{"0":0,"1":0},"b":{"0":[0,0]},"meta":{"lastBranch":1,"lastFunction":2,"lastStatement":7,"seen":{"s:3:14:3:Infinity":0,"s:5:29:16:Infinity":1,"f:5:29:5:35":0,"s:6:24:6:Infinity":2,"s:7:22:10:Infinity":3,"f:7:22:7:23":1,"s:8:20:8:Infinity":4,"b:8:39:8:48:8:48:8:Infinity":0,"s:9:4:9:Infinity":5,"s:11:2:14:Infinity":6}}}
}
